<?xml version="1.0" encoding="UTF-8"?>
<!-- Generated by org.testng.reporters.JUnitReportReporter -->
<testsuite hostname="VishwanathYadav" failures="0" tests="4" name="Data_Provider.TC001" time="0.017" errors="0" timestamp="2024-03-06T12:04:18 IST" skipped="0">
  <testcase classname="Data_Provider.TC001" name="readtestdata" time="0.007"/>
  <testcase classname="Data_Provider.TC001" name="readtestdata" time="0.004"/>
  <testcase classname="Data_Provider.TC001" name="readtestdata" time="0.002"/>
  <testcase classname="Data_Provider.TC001" name="readtestdata" time="0.004"/>
</testsuite> <!-- Data_Provider.TC001 -->
